<?xml version="1.0" encoding="UTF-8"?>
<testsuite xmlns:xsi="http://www.w3.org/2001/XMLSchema-instance" xsi:noNamespaceSchemaLocation="https://maven.apache.org/surefire/maven-surefire-plugin/xsd/surefire-test-report.xsd" name="com.nelioalves.cursomc.cursomc.CursomcApplicationTests" time="4.52" tests="1" errors="0" skipped="0" failures="0">
  <properties>
    <property name="sun.desktop" value="gnome"/>
    <property name="awt.toolkit" value="sun.awt.X11.XToolkit"/>
    <property name="java.specification.version" value="11"/>
    <property name="sun.cpu.isalist" value=""/>
    <property name="sun.jnu.encoding" value="UTF-8"/>
    <property name="java.class.path" value="/home/trendt000104/Projects/spring-boot-ionic-backend/target/test-classes:/home/trendt000104/Projects/spring-boot-ionic-backend/target/classes:/home/trendt000104/.m2/repository/org/springframework/boot/spring-boot-starter-data-jpa/2.3.9.RELEASE/spring-boot-starter-data-jpa-2.3.9.RELEASE.jar:/home/trendt000104/.m2/repository/org/springframework/boot/spring-boot-starter-aop/2.3.9.RELEASE/spring-boot-starter-aop-2.3.9.RELEASE.jar:/home/trendt000104/.m2/repository/org/springframework/spring-aop/5.2.13.RELEASE/spring-aop-5.2.13.RELEASE.jar:/home/trendt000104/.m2/repository/org/aspectj/aspectjweaver/1.9.6/aspectjweaver-1.9.6.jar:/home/trendt000104/.m2/repository/org/springframework/boot/spring-boot-starter-jdbc/2.3.9.RELEASE/spring-boot-starter-jdbc-2.3.9.RELEASE.jar:/home/trendt000104/.m2/repository/com/zaxxer/HikariCP/3.4.5/HikariCP-3.4.5.jar:/home/trendt000104/.m2/repository/org/springframework/spring-jdbc/5.2.13.RELEASE/spring-jdbc-5.2.13.RELEASE.jar:/home/trendt000104/.m2/repository/jakarta/transaction/jakarta.transaction-api/1.3.3/jakarta.transaction-api-1.3.3.jar:/home/trendt000104/.m2/repository/jakarta/persistence/jakarta.persistence-api/2.2.3/jakarta.persistence-api-2.2.3.jar:/home/trendt000104/.m2/repository/org/hibernate/hibernate-core/5.4.28.Final/hibernate-core-5.4.28.Final.jar:/home/trendt000104/.m2/repository/org/jboss/logging/jboss-logging/3.4.1.Final/jboss-logging-3.4.1.Final.jar:/home/trendt000104/.m2/repository/org/javassist/javassist/3.27.0-GA/javassist-3.27.0-GA.jar:/home/trendt000104/.m2/repository/net/bytebuddy/byte-buddy/1.10.20/byte-buddy-1.10.20.jar:/home/trendt000104/.m2/repository/antlr/antlr/2.7.7/antlr-2.7.7.jar:/home/trendt000104/.m2/repository/org/jboss/jandex/2.2.3.Final/jandex-2.2.3.Final.jar:/home/trendt000104/.m2/repository/com/fasterxml/classmate/1.5.1/classmate-1.5.1.jar:/home/trendt000104/.m2/repository/org/dom4j/dom4j/2.1.3/dom4j-2.1.3.jar:/home/trendt000104/.m2/repository/org/hibernate/common/hibernate-commons-annotations/5.1.2.Final/hibernate-commons-annotations-5.1.2.Final.jar:/home/trendt000104/.m2/repository/org/glassfish/jaxb/jaxb-runtime/2.3.3/jaxb-runtime-2.3.3.jar:/home/trendt000104/.m2/repository/org/glassfish/jaxb/txw2/2.3.3/txw2-2.3.3.jar:/home/trendt000104/.m2/repository/com/sun/istack/istack-commons-runtime/3.0.11/istack-commons-runtime-3.0.11.jar:/home/trendt000104/.m2/repository/com/sun/activation/jakarta.activation/1.2.2/jakarta.activation-1.2.2.jar:/home/trendt000104/.m2/repository/org/springframework/data/spring-data-jpa/2.3.7.RELEASE/spring-data-jpa-2.3.7.RELEASE.jar:/home/trendt000104/.m2/repository/org/springframework/data/spring-data-commons/2.3.7.RELEASE/spring-data-commons-2.3.7.RELEASE.jar:/home/trendt000104/.m2/repository/org/springframework/spring-orm/5.2.13.RELEASE/spring-orm-5.2.13.RELEASE.jar:/home/trendt000104/.m2/repository/org/springframework/spring-context/5.2.13.RELEASE/spring-context-5.2.13.RELEASE.jar:/home/trendt000104/.m2/repository/org/springframework/spring-tx/5.2.13.RELEASE/spring-tx-5.2.13.RELEASE.jar:/home/trendt000104/.m2/repository/org/springframework/spring-beans/5.2.13.RELEASE/spring-beans-5.2.13.RELEASE.jar:/home/trendt000104/.m2/repository/org/slf4j/slf4j-api/1.7.30/slf4j-api-1.7.30.jar:/home/trendt000104/.m2/repository/org/springframework/spring-aspects/5.2.13.RELEASE/spring-aspects-5.2.13.RELEASE.jar:/home/trendt000104/.m2/repository/org/springframework/boot/spring-boot-starter-web/2.3.9.RELEASE/spring-boot-starter-web-2.3.9.RELEASE.jar:/home/trendt000104/.m2/repository/org/springframework/boot/spring-boot-starter/2.3.9.RELEASE/spring-boot-starter-2.3.9.RELEASE.jar:/home/trendt000104/.m2/repository/org/springframework/boot/spring-boot/2.3.9.RELEASE/spring-boot-2.3.9.RELEASE.jar:/home/trendt000104/.m2/repository/org/springframework/boot/spring-boot-autoconfigure/2.3.9.RELEASE/spring-boot-autoconfigure-2.3.9.RELEASE.jar:/home/trendt000104/.m2/repository/org/springframework/boot/spring-boot-starter-logging/2.3.9.RELEASE/spring-boot-starter-logging-2.3.9.RELEASE.jar:/home/trendt000104/.m2/repository/ch/qos/logback/logback-classic/1.2.3/logback-classic-1.2.3.jar:/home/trendt000104/.m2/repository/ch/qos/logback/logback-core/1.2.3/logback-core-1.2.3.jar:/home/trendt000104/.m2/repository/org/apache/logging/log4j/log4j-to-slf4j/2.13.3/log4j-to-slf4j-2.13.3.jar:/home/trendt000104/.m2/repository/org/apache/logging/log4j/log4j-api/2.13.3/log4j-api-2.13.3.jar:/home/trendt000104/.m2/repository/org/slf4j/jul-to-slf4j/1.7.30/jul-to-slf4j-1.7.30.jar:/home/trendt000104/.m2/repository/jakarta/annotation/jakarta.annotation-api/1.3.5/jakarta.annotation-api-1.3.5.jar:/home/trendt000104/.m2/repository/org/yaml/snakeyaml/1.26/snakeyaml-1.26.jar:/home/trendt000104/.m2/repository/org/springframework/boot/spring-boot-starter-json/2.3.9.RELEASE/spring-boot-starter-json-2.3.9.RELEASE.jar:/home/trendt000104/.m2/repository/com/fasterxml/jackson/core/jackson-databind/2.11.4/jackson-databind-2.11.4.jar:/home/trendt000104/.m2/repository/com/fasterxml/jackson/core/jackson-annotations/2.11.4/jackson-annotations-2.11.4.jar:/home/trendt000104/.m2/repository/com/fasterxml/jackson/core/jackson-core/2.11.4/jackson-core-2.11.4.jar:/home/trendt000104/.m2/repository/com/fasterxml/jackson/datatype/jackson-datatype-jdk8/2.11.4/jackson-datatype-jdk8-2.11.4.jar:/home/trendt000104/.m2/repository/com/fasterxml/jackson/datatype/jackson-datatype-jsr310/2.11.4/jackson-datatype-jsr310-2.11.4.jar:/home/trendt000104/.m2/repository/com/fasterxml/jackson/module/jackson-module-parameter-names/2.11.4/jackson-module-parameter-names-2.11.4.jar:/home/trendt000104/.m2/repository/org/springframework/boot/spring-boot-starter-tomcat/2.3.9.RELEASE/spring-boot-starter-tomcat-2.3.9.RELEASE.jar:/home/trendt000104/.m2/repository/org/apache/tomcat/embed/tomcat-embed-core/9.0.43/tomcat-embed-core-9.0.43.jar:/home/trendt000104/.m2/repository/org/apache/tomcat/embed/tomcat-embed-websocket/9.0.43/tomcat-embed-websocket-9.0.43.jar:/home/trendt000104/.m2/repository/org/springframework/spring-web/5.2.13.RELEASE/spring-web-5.2.13.RELEASE.jar:/home/trendt000104/.m2/repository/org/springframework/spring-webmvc/5.2.13.RELEASE/spring-webmvc-5.2.13.RELEASE.jar:/home/trendt000104/.m2/repository/org/springframework/spring-expression/5.2.13.RELEASE/spring-expression-5.2.13.RELEASE.jar:/home/trendt000104/.m2/repository/com/h2database/h2/1.4.200/h2-1.4.200.jar:/home/trendt000104/.m2/repository/org/springframework/boot/spring-boot-starter-test/2.3.9.RELEASE/spring-boot-starter-test-2.3.9.RELEASE.jar:/home/trendt000104/.m2/repository/org/springframework/boot/spring-boot-test/2.3.9.RELEASE/spring-boot-test-2.3.9.RELEASE.jar:/home/trendt000104/.m2/repository/org/springframework/boot/spring-boot-test-autoconfigure/2.3.9.RELEASE/spring-boot-test-autoconfigure-2.3.9.RELEASE.jar:/home/trendt000104/.m2/repository/com/jayway/jsonpath/json-path/2.4.0/json-path-2.4.0.jar:/home/trendt000104/.m2/repository/net/minidev/json-smart/2.3/json-smart-2.3.jar:/home/trendt000104/.m2/repository/net/minidev/accessors-smart/1.2/accessors-smart-1.2.jar:/home/trendt000104/.m2/repository/org/ow2/asm/asm/5.0.4/asm-5.0.4.jar:/home/trendt000104/.m2/repository/jakarta/xml/bind/jakarta.xml.bind-api/2.3.3/jakarta.xml.bind-api-2.3.3.jar:/home/trendt000104/.m2/repository/jakarta/activation/jakarta.activation-api/1.2.2/jakarta.activation-api-1.2.2.jar:/home/trendt000104/.m2/repository/org/assertj/assertj-core/3.16.1/assertj-core-3.16.1.jar:/home/trendt000104/.m2/repository/org/hamcrest/hamcrest/2.2/hamcrest-2.2.jar:/home/trendt000104/.m2/repository/org/junit/jupiter/junit-jupiter/5.6.3/junit-jupiter-5.6.3.jar:/home/trendt000104/.m2/repository/org/junit/jupiter/junit-jupiter-api/5.6.3/junit-jupiter-api-5.6.3.jar:/home/trendt000104/.m2/repository/org/opentest4j/opentest4j/1.2.0/opentest4j-1.2.0.jar:/home/trendt000104/.m2/repository/org/junit/platform/junit-platform-commons/1.6.3/junit-platform-commons-1.6.3.jar:/home/trendt000104/.m2/repository/org/junit/jupiter/junit-jupiter-params/5.6.3/junit-jupiter-params-5.6.3.jar:/home/trendt000104/.m2/repository/org/junit/jupiter/junit-jupiter-engine/5.6.3/junit-jupiter-engine-5.6.3.jar:/home/trendt000104/.m2/repository/org/junit/vintage/junit-vintage-engine/5.6.3/junit-vintage-engine-5.6.3.jar:/home/trendt000104/.m2/repository/org/apiguardian/apiguardian-api/1.1.0/apiguardian-api-1.1.0.jar:/home/trendt000104/.m2/repository/org/junit/platform/junit-platform-engine/1.6.3/junit-platform-engine-1.6.3.jar:/home/trendt000104/.m2/repository/junit/junit/4.13.2/junit-4.13.2.jar:/home/trendt000104/.m2/repository/org/mockito/mockito-core/3.3.3/mockito-core-3.3.3.jar:/home/trendt000104/.m2/repository/net/bytebuddy/byte-buddy-agent/1.10.20/byte-buddy-agent-1.10.20.jar:/home/trendt000104/.m2/repository/org/objenesis/objenesis/2.6/objenesis-2.6.jar:/home/trendt000104/.m2/repository/org/mockito/mockito-junit-jupiter/3.3.3/mockito-junit-jupiter-3.3.3.jar:/home/trendt000104/.m2/repository/org/skyscreamer/jsonassert/1.5.0/jsonassert-1.5.0.jar:/home/trendt000104/.m2/repository/com/vaadin/external/google/android-json/0.0.20131108.vaadin1/android-json-0.0.20131108.vaadin1.jar:/home/trendt000104/.m2/repository/org/springframework/spring-core/5.2.13.RELEASE/spring-core-5.2.13.RELEASE.jar:/home/trendt000104/.m2/repository/org/springframework/spring-jcl/5.2.13.RELEASE/spring-jcl-5.2.13.RELEASE.jar:/home/trendt000104/.m2/repository/org/springframework/spring-test/5.2.13.RELEASE/spring-test-5.2.13.RELEASE.jar:/home/trendt000104/.m2/repository/org/xmlunit/xmlunit-core/2.7.0/xmlunit-core-2.7.0.jar:/home/trendt000104/.m2/repository/org/springframework/boot/spring-boot-starter-validation/2.3.9.RELEASE/spring-boot-starter-validation-2.3.9.RELEASE.jar:/home/trendt000104/.m2/repository/org/hibernate/validator/hibernate-validator/6.1.7.Final/hibernate-validator-6.1.7.Final.jar:/home/trendt000104/.m2/repository/jakarta/validation/jakarta.validation-api/2.0.2/jakarta.validation-api-2.0.2.jar:/home/trendt000104/.m2/repository/org/glassfish/jakarta.el/4.0.2/jakarta.el-4.0.2.jar:/home/trendt000104/.m2/repository/jakarta/el/jakarta.el-api/4.0.0/jakarta.el-api-4.0.0.jar:"/>
    <property name="java.vm.vendor" value="Azul Systems, Inc."/>
    <property name="sun.arch.data.model" value="64"/>
    <property name="java.vendor.url" value="http://www.azul.com/"/>
    <property name="user.timezone" value=""/>
    <property name="user.country.format" value="BR"/>
    <property name="java.vm.specification.version" value="11"/>
    <property name="os.name" value="Linux"/>
    <property name="sun.java.launcher" value="SUN_STANDARD"/>
    <property name="user.country" value="US"/>
    <property name="sun.boot.library.path" value="/home/trendt000104/.sdkman/candidates/java/11.0.25-zulu/lib"/>
    <property name="sun.java.command" value="/home/trendt000104/Projects/spring-boot-ionic-backend/target/surefire/surefirebooter5692344962911645341.jar /home/trendt000104/Projects/spring-boot-ionic-backend/target/surefire 2025-03-14T17-05-20_807-jvmRun1 surefire16919146922216129976tmp surefire_016872551522280396760tmp"/>
    <property name="jdk.debug" value="release"/>
    <property name="surefire.test.class.path" value="/home/trendt000104/Projects/spring-boot-ionic-backend/target/test-classes:/home/trendt000104/Projects/spring-boot-ionic-backend/target/classes:/home/trendt000104/.m2/repository/org/springframework/boot/spring-boot-starter-data-jpa/2.3.9.RELEASE/spring-boot-starter-data-jpa-2.3.9.RELEASE.jar:/home/trendt000104/.m2/repository/org/springframework/boot/spring-boot-starter-aop/2.3.9.RELEASE/spring-boot-starter-aop-2.3.9.RELEASE.jar:/home/trendt000104/.m2/repository/org/springframework/spring-aop/5.2.13.RELEASE/spring-aop-5.2.13.RELEASE.jar:/home/trendt000104/.m2/repository/org/aspectj/aspectjweaver/1.9.6/aspectjweaver-1.9.6.jar:/home/trendt000104/.m2/repository/org/springframework/boot/spring-boot-starter-jdbc/2.3.9.RELEASE/spring-boot-starter-jdbc-2.3.9.RELEASE.jar:/home/trendt000104/.m2/repository/com/zaxxer/HikariCP/3.4.5/HikariCP-3.4.5.jar:/home/trendt000104/.m2/repository/org/springframework/spring-jdbc/5.2.13.RELEASE/spring-jdbc-5.2.13.RELEASE.jar:/home/trendt000104/.m2/repository/jakarta/transaction/jakarta.transaction-api/1.3.3/jakarta.transaction-api-1.3.3.jar:/home/trendt000104/.m2/repository/jakarta/persistence/jakarta.persistence-api/2.2.3/jakarta.persistence-api-2.2.3.jar:/home/trendt000104/.m2/repository/org/hibernate/hibernate-core/5.4.28.Final/hibernate-core-5.4.28.Final.jar:/home/trendt000104/.m2/repository/org/jboss/logging/jboss-logging/3.4.1.Final/jboss-logging-3.4.1.Final.jar:/home/trendt000104/.m2/repository/org/javassist/javassist/3.27.0-GA/javassist-3.27.0-GA.jar:/home/trendt000104/.m2/repository/net/bytebuddy/byte-buddy/1.10.20/byte-buddy-1.10.20.jar:/home/trendt000104/.m2/repository/antlr/antlr/2.7.7/antlr-2.7.7.jar:/home/trendt000104/.m2/repository/org/jboss/jandex/2.2.3.Final/jandex-2.2.3.Final.jar:/home/trendt000104/.m2/repository/com/fasterxml/classmate/1.5.1/classmate-1.5.1.jar:/home/trendt000104/.m2/repository/org/dom4j/dom4j/2.1.3/dom4j-2.1.3.jar:/home/trendt000104/.m2/repository/org/hibernate/common/hibernate-commons-annotations/5.1.2.Final/hibernate-commons-annotations-5.1.2.Final.jar:/home/trendt000104/.m2/repository/org/glassfish/jaxb/jaxb-runtime/2.3.3/jaxb-runtime-2.3.3.jar:/home/trendt000104/.m2/repository/org/glassfish/jaxb/txw2/2.3.3/txw2-2.3.3.jar:/home/trendt000104/.m2/repository/com/sun/istack/istack-commons-runtime/3.0.11/istack-commons-runtime-3.0.11.jar:/home/trendt000104/.m2/repository/com/sun/activation/jakarta.activation/1.2.2/jakarta.activation-1.2.2.jar:/home/trendt000104/.m2/repository/org/springframework/data/spring-data-jpa/2.3.7.RELEASE/spring-data-jpa-2.3.7.RELEASE.jar:/home/trendt000104/.m2/repository/org/springframework/data/spring-data-commons/2.3.7.RELEASE/spring-data-commons-2.3.7.RELEASE.jar:/home/trendt000104/.m2/repository/org/springframework/spring-orm/5.2.13.RELEASE/spring-orm-5.2.13.RELEASE.jar:/home/trendt000104/.m2/repository/org/springframework/spring-context/5.2.13.RELEASE/spring-context-5.2.13.RELEASE.jar:/home/trendt000104/.m2/repository/org/springframework/spring-tx/5.2.13.RELEASE/spring-tx-5.2.13.RELEASE.jar:/home/trendt000104/.m2/repository/org/springframework/spring-beans/5.2.13.RELEASE/spring-beans-5.2.13.RELEASE.jar:/home/trendt000104/.m2/repository/org/slf4j/slf4j-api/1.7.30/slf4j-api-1.7.30.jar:/home/trendt000104/.m2/repository/org/springframework/spring-aspects/5.2.13.RELEASE/spring-aspects-5.2.13.RELEASE.jar:/home/trendt000104/.m2/repository/org/springframework/boot/spring-boot-starter-web/2.3.9.RELEASE/spring-boot-starter-web-2.3.9.RELEASE.jar:/home/trendt000104/.m2/repository/org/springframework/boot/spring-boot-starter/2.3.9.RELEASE/spring-boot-starter-2.3.9.RELEASE.jar:/home/trendt000104/.m2/repository/org/springframework/boot/spring-boot/2.3.9.RELEASE/spring-boot-2.3.9.RELEASE.jar:/home/trendt000104/.m2/repository/org/springframework/boot/spring-boot-autoconfigure/2.3.9.RELEASE/spring-boot-autoconfigure-2.3.9.RELEASE.jar:/home/trendt000104/.m2/repository/org/springframework/boot/spring-boot-starter-logging/2.3.9.RELEASE/spring-boot-starter-logging-2.3.9.RELEASE.jar:/home/trendt000104/.m2/repository/ch/qos/logback/logback-classic/1.2.3/logback-classic-1.2.3.jar:/home/trendt000104/.m2/repository/ch/qos/logback/logback-core/1.2.3/logback-core-1.2.3.jar:/home/trendt000104/.m2/repository/org/apache/logging/log4j/log4j-to-slf4j/2.13.3/log4j-to-slf4j-2.13.3.jar:/home/trendt000104/.m2/repository/org/apache/logging/log4j/log4j-api/2.13.3/log4j-api-2.13.3.jar:/home/trendt000104/.m2/repository/org/slf4j/jul-to-slf4j/1.7.30/jul-to-slf4j-1.7.30.jar:/home/trendt000104/.m2/repository/jakarta/annotation/jakarta.annotation-api/1.3.5/jakarta.annotation-api-1.3.5.jar:/home/trendt000104/.m2/repository/org/yaml/snakeyaml/1.26/snakeyaml-1.26.jar:/home/trendt000104/.m2/repository/org/springframework/boot/spring-boot-starter-json/2.3.9.RELEASE/spring-boot-starter-json-2.3.9.RELEASE.jar:/home/trendt000104/.m2/repository/com/fasterxml/jackson/core/jackson-databind/2.11.4/jackson-databind-2.11.4.jar:/home/trendt000104/.m2/repository/com/fasterxml/jackson/core/jackson-annotations/2.11.4/jackson-annotations-2.11.4.jar:/home/trendt000104/.m2/repository/com/fasterxml/jackson/core/jackson-core/2.11.4/jackson-core-2.11.4.jar:/home/trendt000104/.m2/repository/com/fasterxml/jackson/datatype/jackson-datatype-jdk8/2.11.4/jackson-datatype-jdk8-2.11.4.jar:/home/trendt000104/.m2/repository/com/fasterxml/jackson/datatype/jackson-datatype-jsr310/2.11.4/jackson-datatype-jsr310-2.11.4.jar:/home/trendt000104/.m2/repository/com/fasterxml/jackson/module/jackson-module-parameter-names/2.11.4/jackson-module-parameter-names-2.11.4.jar:/home/trendt000104/.m2/repository/org/springframework/boot/spring-boot-starter-tomcat/2.3.9.RELEASE/spring-boot-starter-tomcat-2.3.9.RELEASE.jar:/home/trendt000104/.m2/repository/org/apache/tomcat/embed/tomcat-embed-core/9.0.43/tomcat-embed-core-9.0.43.jar:/home/trendt000104/.m2/repository/org/apache/tomcat/embed/tomcat-embed-websocket/9.0.43/tomcat-embed-websocket-9.0.43.jar:/home/trendt000104/.m2/repository/org/springframework/spring-web/5.2.13.RELEASE/spring-web-5.2.13.RELEASE.jar:/home/trendt000104/.m2/repository/org/springframework/spring-webmvc/5.2.13.RELEASE/spring-webmvc-5.2.13.RELEASE.jar:/home/trendt000104/.m2/repository/org/springframework/spring-expression/5.2.13.RELEASE/spring-expression-5.2.13.RELEASE.jar:/home/trendt000104/.m2/repository/com/h2database/h2/1.4.200/h2-1.4.200.jar:/home/trendt000104/.m2/repository/org/springframework/boot/spring-boot-starter-test/2.3.9.RELEASE/spring-boot-starter-test-2.3.9.RELEASE.jar:/home/trendt000104/.m2/repository/org/springframework/boot/spring-boot-test/2.3.9.RELEASE/spring-boot-test-2.3.9.RELEASE.jar:/home/trendt000104/.m2/repository/org/springframework/boot/spring-boot-test-autoconfigure/2.3.9.RELEASE/spring-boot-test-autoconfigure-2.3.9.RELEASE.jar:/home/trendt000104/.m2/repository/com/jayway/jsonpath/json-path/2.4.0/json-path-2.4.0.jar:/home/trendt000104/.m2/repository/net/minidev/json-smart/2.3/json-smart-2.3.jar:/home/trendt000104/.m2/repository/net/minidev/accessors-smart/1.2/accessors-smart-1.2.jar:/home/trendt000104/.m2/repository/org/ow2/asm/asm/5.0.4/asm-5.0.4.jar:/home/trendt000104/.m2/repository/jakarta/xml/bind/jakarta.xml.bind-api/2.3.3/jakarta.xml.bind-api-2.3.3.jar:/home/trendt000104/.m2/repository/jakarta/activation/jakarta.activation-api/1.2.2/jakarta.activation-api-1.2.2.jar:/home/trendt000104/.m2/repository/org/assertj/assertj-core/3.16.1/assertj-core-3.16.1.jar:/home/trendt000104/.m2/repository/org/hamcrest/hamcrest/2.2/hamcrest-2.2.jar:/home/trendt000104/.m2/repository/org/junit/jupiter/junit-jupiter/5.6.3/junit-jupiter-5.6.3.jar:/home/trendt000104/.m2/repository/org/junit/jupiter/junit-jupiter-api/5.6.3/junit-jupiter-api-5.6.3.jar:/home/trendt000104/.m2/repository/org/opentest4j/opentest4j/1.2.0/opentest4j-1.2.0.jar:/home/trendt000104/.m2/repository/org/junit/platform/junit-platform-commons/1.6.3/junit-platform-commons-1.6.3.jar:/home/trendt000104/.m2/repository/org/junit/jupiter/junit-jupiter-params/5.6.3/junit-jupiter-params-5.6.3.jar:/home/trendt000104/.m2/repository/org/junit/jupiter/junit-jupiter-engine/5.6.3/junit-jupiter-engine-5.6.3.jar:/home/trendt000104/.m2/repository/org/junit/vintage/junit-vintage-engine/5.6.3/junit-vintage-engine-5.6.3.jar:/home/trendt000104/.m2/repository/org/apiguardian/apiguardian-api/1.1.0/apiguardian-api-1.1.0.jar:/home/trendt000104/.m2/repository/org/junit/platform/junit-platform-engine/1.6.3/junit-platform-engine-1.6.3.jar:/home/trendt000104/.m2/repository/junit/junit/4.13.2/junit-4.13.2.jar:/home/trendt000104/.m2/repository/org/mockito/mockito-core/3.3.3/mockito-core-3.3.3.jar:/home/trendt000104/.m2/repository/net/bytebuddy/byte-buddy-agent/1.10.20/byte-buddy-agent-1.10.20.jar:/home/trendt000104/.m2/repository/org/objenesis/objenesis/2.6/objenesis-2.6.jar:/home/trendt000104/.m2/repository/org/mockito/mockito-junit-jupiter/3.3.3/mockito-junit-jupiter-3.3.3.jar:/home/trendt000104/.m2/repository/org/skyscreamer/jsonassert/1.5.0/jsonassert-1.5.0.jar:/home/trendt000104/.m2/repository/com/vaadin/external/google/android-json/0.0.20131108.vaadin1/android-json-0.0.20131108.vaadin1.jar:/home/trendt000104/.m2/repository/org/springframework/spring-core/5.2.13.RELEASE/spring-core-5.2.13.RELEASE.jar:/home/trendt000104/.m2/repository/org/springframework/spring-jcl/5.2.13.RELEASE/spring-jcl-5.2.13.RELEASE.jar:/home/trendt000104/.m2/repository/org/springframework/spring-test/5.2.13.RELEASE/spring-test-5.2.13.RELEASE.jar:/home/trendt000104/.m2/repository/org/xmlunit/xmlunit-core/2.7.0/xmlunit-core-2.7.0.jar:/home/trendt000104/.m2/repository/org/springframework/boot/spring-boot-starter-validation/2.3.9.RELEASE/spring-boot-starter-validation-2.3.9.RELEASE.jar:/home/trendt000104/.m2/repository/org/hibernate/validator/hibernate-validator/6.1.7.Final/hibernate-validator-6.1.7.Final.jar:/home/trendt000104/.m2/repository/jakarta/validation/jakarta.validation-api/2.0.2/jakarta.validation-api-2.0.2.jar:/home/trendt000104/.m2/repository/org/glassfish/jakarta.el/4.0.2/jakarta.el-4.0.2.jar:/home/trendt000104/.m2/repository/jakarta/el/jakarta.el-api/4.0.0/jakarta.el-api-4.0.0.jar:"/>
    <property name="sun.cpu.endian" value="little"/>
    <property name="user.home" value="/home/trendt000104"/>
    <property name="user.language" value="en"/>
    <property name="java.specification.vendor" value="Oracle Corporation"/>
    <property name="java.version.date" value="2024-10-15"/>
    <property name="java.home" value="/home/trendt000104/.sdkman/candidates/java/11.0.25-zulu"/>
    <property name="file.separator" value="/"/>
    <property name="basedir" value="/home/trendt000104/Projects/spring-boot-ionic-backend"/>
    <property name="java.vm.compressedOopsMode" value="Zero based"/>
    <property name="line.separator" value="&#10;"/>
    <property name="java.specification.name" value="Java Platform API Specification"/>
    <property name="java.vm.specification.vendor" value="Oracle Corporation"/>
    <property name="jdk.vendor.version" value="Zulu11.76+21-CA"/>
    <property name="java.awt.graphicsenv" value="sun.awt.X11GraphicsEnvironment"/>
    <property name="surefire.real.class.path" value="/home/trendt000104/Projects/spring-boot-ionic-backend/target/surefire/surefirebooter5692344962911645341.jar"/>
    <property name="sun.management.compiler" value="HotSpot 64-Bit Tiered Compilers"/>
    <property name="java.runtime.version" value="11.0.25+9-LTS"/>
    <property name="user.name" value="trendt000104"/>
    <property name="path.separator" value=":"/>
    <property name="os.version" value="6.8.0-52-generic"/>
    <property name="java.runtime.name" value="OpenJDK Runtime Environment"/>
    <property name="file.encoding" value="UTF-8"/>
    <property name="java.vm.name" value="OpenJDK 64-Bit Server VM"/>
    <property name="java.vendor.version" value="Zulu11.76+21-CA"/>
    <property name="localRepository" value="/home/trendt000104/.m2/repository"/>
    <property name="java.vendor.url.bug" value="http://www.azul.com/support/"/>
    <property name="java.io.tmpdir" value="/tmp"/>
    <property name="java.version" value="11.0.25"/>
    <property name="user.dir" value="/home/trendt000104/Projects/spring-boot-ionic-backend"/>
    <property name="os.arch" value="amd64"/>
    <property name="java.vm.specification.name" value="Java Virtual Machine Specification"/>
    <property name="java.awt.printerjob" value="sun.print.PSPrinterJob"/>
    <property name="user.language.format" value="pt"/>
    <property name="sun.os.patch.level" value="unknown"/>
    <property name="java.library.path" value="/usr/java/packages/lib:/usr/lib64:/lib64:/lib:/usr/lib"/>
    <property name="java.vm.info" value="mixed mode"/>
    <property name="java.vendor" value="Azul Systems, Inc."/>
    <property name="java.vm.version" value="11.0.25+9-LTS"/>
    <property name="java.specification.maintenance.version" value="3"/>
    <property name="sun.io.unicode.encoding" value="UnicodeLittle"/>
    <property name="java.class.version" value="55.0"/>
  </properties>
  <testcase name="contextLoads" classname="com.nelioalves.cursomc.cursomc.CursomcApplicationTests" time="0.074"/>
</testsuite>